15:45:44 INFO  TC01_Verifylogin:24 - Verify login page is displayed
15:45:45 INFO  TC01_Verifylogin:29 - Login page is displayed
15:45:46 INFO  TC01_Verifylogin:37 - Verify user can Login
15:45:46 INFO  TC01_Verifylogin:40 - User is logged in
15:45:47 INFO  TC01_Verifylogin:24 - Verify login page is displayed
15:45:48 INFO  TC01_Verifylogin:29 - Login page is displayed
15:45:48 INFO  TC01_Verifylogin:37 - Verify user can Login
15:45:48 ERROR TC01_Verifylogin:46 - user is not able to login
15:45:50 INFO  TC01_Verifylogin:24 - Verify login page is displayed
15:45:50 INFO  TC01_Verifylogin:29 - Login page is displayed
15:45:51 INFO  TC01_Verifylogin:37 - Verify user can Login
15:45:51 ERROR TC01_Verifylogin:46 - user is not able to login
15:45:53 INFO  TC01_Verifylogin:24 - Verify login page is displayed
15:45:53 INFO  TC01_Verifylogin:29 - Login page is displayed
15:45:54 INFO  TC01_Verifylogin:37 - Verify user can Login
15:45:54 INFO  TC01_Verifylogin:40 - User is logged in
15:45:56 INFO  TC01_Verifylogin:24 - Verify login page is displayed
15:45:56 INFO  TC01_Verifylogin:29 - Login page is displayed
15:46:02 INFO  TC01_Verifylogin:37 - Verify user can Login
15:46:02 INFO  TC01_Verifylogin:40 - User is logged in
15:48:17 INFO  TC01_Verifylogin:24 - Verify login page is displayed
15:48:18 INFO  TC01_Verifylogin:29 - Login page is displayed
15:48:18 INFO  TC01_Verifylogin:37 - Verify user can Login
15:48:18 INFO  TC01_Verifylogin:40 - User is logged in
15:48:20 INFO  TC01_Verifylogin:24 - Verify login page is displayed
15:48:20 INFO  TC01_Verifylogin:29 - Login page is displayed
15:48:21 INFO  TC01_Verifylogin:37 - Verify user can Login
15:48:21 ERROR TC01_Verifylogin:46 - user is not able to login
15:48:23 INFO  TC01_Verifylogin:24 - Verify login page is displayed
15:48:23 INFO  TC01_Verifylogin:29 - Login page is displayed
15:48:23 INFO  TC01_Verifylogin:37 - Verify user can Login
15:48:23 ERROR TC01_Verifylogin:46 - user is not able to login
15:48:25 INFO  TC01_Verifylogin:24 - Verify login page is displayed
15:48:25 INFO  TC01_Verifylogin:29 - Login page is displayed
15:48:26 INFO  TC01_Verifylogin:37 - Verify user can Login
15:48:26 INFO  TC01_Verifylogin:40 - User is logged in
15:48:28 INFO  TC01_Verifylogin:24 - Verify login page is displayed
15:48:28 INFO  TC01_Verifylogin:29 - Login page is displayed
15:48:34 INFO  TC01_Verifylogin:37 - Verify user can Login
15:48:34 INFO  TC01_Verifylogin:40 - User is logged in
15:52:00 INFO  TC01_Verifylogin:29 - ----------------------------Started test TC01_Verifylogin-----------------------
15:52:03 INFO  TC01_Verifylogin:24 - Verify login page is displayed
15:52:04 INFO  TC01_Verifylogin:29 - Login page is displayed
15:52:04 INFO  TC01_Verifylogin:37 - Verify user can Login
15:52:04 INFO  TC01_Verifylogin:40 - User is logged in
15:52:05 INFO  TC01_Verifylogin:57 - ----------------------------Ended test TC01_Verifylogin-----------------------
15:52:05 INFO  TC01_Verifylogin:29 - ----------------------------Started test TC01_Verifylogin-----------------------
15:52:06 INFO  TC01_Verifylogin:24 - Verify login page is displayed
15:52:07 INFO  TC01_Verifylogin:29 - Login page is displayed
15:52:07 INFO  TC01_Verifylogin:37 - Verify user can Login
15:52:07 ERROR TC01_Verifylogin:46 - user is not able to login
15:52:08 INFO  TC01_Verifylogin:57 - ----------------------------Ended test TC01_Verifylogin-----------------------
15:52:08 INFO  TC01_Verifylogin:29 - ----------------------------Started test TC01_Verifylogin-----------------------
15:52:10 INFO  TC01_Verifylogin:24 - Verify login page is displayed
15:52:10 INFO  TC01_Verifylogin:29 - Login page is displayed
15:52:11 INFO  TC01_Verifylogin:37 - Verify user can Login
15:52:11 ERROR TC01_Verifylogin:46 - user is not able to login
15:52:11 INFO  TC01_Verifylogin:57 - ----------------------------Ended test TC01_Verifylogin-----------------------
15:52:11 INFO  TC01_Verifylogin:29 - ----------------------------Started test TC01_Verifylogin-----------------------
15:52:13 INFO  TC01_Verifylogin:24 - Verify login page is displayed
15:52:13 INFO  TC01_Verifylogin:29 - Login page is displayed
15:52:14 INFO  TC01_Verifylogin:37 - Verify user can Login
15:52:14 INFO  TC01_Verifylogin:40 - User is logged in
15:52:14 INFO  TC01_Verifylogin:57 - ----------------------------Ended test TC01_Verifylogin-----------------------
15:52:14 INFO  TC01_Verifylogin:29 - ----------------------------Started test TC01_Verifylogin-----------------------
15:52:16 INFO  TC01_Verifylogin:24 - Verify login page is displayed
15:52:17 INFO  TC01_Verifylogin:29 - Login page is displayed
15:52:22 INFO  TC01_Verifylogin:37 - Verify user can Login
15:52:22 INFO  TC01_Verifylogin:40 - User is logged in
15:52:23 INFO  TC01_Verifylogin:57 - ----------------------------Ended test TC01_Verifylogin-----------------------
18:20:43 INFO  TC01_Verifylogin:29 - ----------------------------Started test TC01_Verifylogin-----------------------
18:20:45 INFO  TC01_Verifylogin:24 - Verify login page is displayed
18:20:46 INFO  TC01_Verifylogin:29 - Login page is displayed
18:20:47 INFO  TC01_Verifylogin:37 - Verify user can Login
18:20:47 INFO  TC01_Verifylogin:40 - User is logged in
18:20:47 INFO  TC01_Verifylogin:57 - ----------------------------Ended[ test TC01_Verifylogin-----------------------
18:20:47 INFO  TC01_Verifylogin:29 - ----------------------------Started test TC01_Verifylogin-----------------------
18:20:48 INFO  TC01_Verifylogin:24 - Verify login page is displayed
18:20:49 INFO  TC01_Verifylogin:29 - Login page is displayed
18:20:49 INFO  TC01_Verifylogin:37 - Verify user can Login
18:20:49 ERROR TC01_Verifylogin:46 - user is not able to login
18:20:49 INFO  TC01_Verifylogin:57 - ----------------------------Ended[ test TC01_Verifylogin-----------------------
18:20:49 INFO  TC01_Verifylogin:29 - ----------------------------Started test TC01_Verifylogin-----------------------
18:20:51 INFO  TC01_Verifylogin:24 - Verify login page is displayed
18:20:51 INFO  TC01_Verifylogin:29 - Login page is displayed
18:20:52 INFO  TC01_Verifylogin:37 - Verify user can Login
18:20:52 ERROR TC01_Verifylogin:46 - user is not able to login
18:20:52 INFO  TC01_Verifylogin:57 - ----------------------------Ended[ test TC01_Verifylogin-----------------------
18:20:52 INFO  TC01_Verifylogin:29 - ----------------------------Started test TC01_Verifylogin-----------------------
18:20:53 INFO  TC01_Verifylogin:24 - Verify login page is displayed
18:20:54 INFO  TC01_Verifylogin:29 - Login page is displayed
18:20:54 INFO  TC01_Verifylogin:37 - Verify user can Login
18:20:54 INFO  TC01_Verifylogin:40 - User is logged in
18:20:55 INFO  TC01_Verifylogin:57 - ----------------------------Ended[ test TC01_Verifylogin-----------------------
18:20:55 INFO  TC01_Verifylogin:29 - ----------------------------Started test TC01_Verifylogin-----------------------
18:20:56 INFO  TC01_Verifylogin:24 - Verify login page is displayed
18:20:56 INFO  TC01_Verifylogin:29 - Login page is displayed
18:21:02 INFO  TC01_Verifylogin:37 - Verify user can Login
18:21:02 INFO  TC01_Verifylogin:40 - User is logged in
18:21:02 INFO  TC01_Verifylogin:57 - ----------------------------Ended[ test TC01_Verifylogin-----------------------
18:24:00 INFO  TC01_Verifylogin:29 - ----------------------------Started test TC01_Verifylogin-----------------------
18:24:03 INFO  TC01_Verifylogin:24 - Verify login page is displayed
18:24:03 INFO  TC01_Verifylogin:29 - Login page is displayed
18:24:04 INFO  TC01_Verifylogin:37 - Verify user can Login
18:24:04 INFO  TC01_Verifylogin:40 - User is logged in
18:24:04 INFO  TC01_Verifylogin:57 - ----------------------------Ended[ test TC01_Verifylogin-----------------------
18:24:04 INFO  TC01_Verifylogin:29 - ----------------------------Started test TC01_Verifylogin-----------------------
18:24:06 INFO  TC01_Verifylogin:24 - Verify login page is displayed
18:24:07 INFO  TC01_Verifylogin:29 - Login page is displayed
18:24:07 INFO  TC01_Verifylogin:37 - Verify user can Login
18:24:07 ERROR TC01_Verifylogin:46 - user is not able to login
18:24:07 INFO  TC01_Verifylogin:57 - ----------------------------Ended[ test TC01_Verifylogin-----------------------
18:24:07 INFO  TC01_Verifylogin:29 - ----------------------------Started test TC01_Verifylogin-----------------------
18:24:09 INFO  TC01_Verifylogin:24 - Verify login page is displayed
18:24:10 INFO  TC01_Verifylogin:29 - Login page is displayed
18:24:10 INFO  TC01_Verifylogin:37 - Verify user can Login
18:24:10 ERROR TC01_Verifylogin:46 - user is not able to login
18:24:11 INFO  TC01_Verifylogin:57 - ----------------------------Ended[ test TC01_Verifylogin-----------------------
18:24:11 INFO  TC01_Verifylogin:29 - ----------------------------Started test TC01_Verifylogin-----------------------
18:24:12 INFO  TC01_Verifylogin:24 - Verify login page is displayed
18:24:12 INFO  TC01_Verifylogin:29 - Login page is displayed
18:24:13 INFO  TC01_Verifylogin:37 - Verify user can Login
18:24:13 INFO  TC01_Verifylogin:40 - User is logged in
18:24:13 INFO  TC01_Verifylogin:57 - ----------------------------Ended[ test TC01_Verifylogin-----------------------
18:24:13 INFO  TC01_Verifylogin:29 - ----------------------------Started test TC01_Verifylogin-----------------------
18:24:15 INFO  TC01_Verifylogin:24 - Verify login page is displayed
18:24:15 INFO  TC01_Verifylogin:29 - Login page is displayed
18:24:21 INFO  TC01_Verifylogin:37 - Verify user can Login
18:24:21 INFO  TC01_Verifylogin:40 - User is logged in
18:24:21 INFO  TC01_Verifylogin:57 - ----------------------------Ended[ test TC01_Verifylogin-----------------------
18:26:50 INFO  TC01_Verifylogin:31 - ----------------------------Started test TC01_Verifylogin-----------------------
18:26:52 INFO  TC01_Verifylogin:24 - Verify login page is displayed
18:26:53 INFO  TC01_Verifylogin:29 - Login page is displayed
18:26:54 INFO  TC01_Verifylogin:37 - Verify user can Login
18:26:54 INFO  TC01_Verifylogin:40 - User is logged in
18:26:54 INFO  TC01_Verifylogin:58 - ----------------------------Ended[ test TC01_Verifylogin-----------------------
18:26:54 INFO  TC01_Verifylogin:31 - ----------------------------Started test TC01_Verifylogin-----------------------
18:26:55 INFO  TC01_Verifylogin:24 - Verify login page is displayed
18:26:55 INFO  TC01_Verifylogin:29 - Login page is displayed
18:26:56 INFO  TC01_Verifylogin:37 - Verify user can Login
18:26:56 ERROR TC01_Verifylogin:46 - user is not able to login
18:26:56 INFO  TC01_Verifylogin:58 - ----------------------------Ended[ test TC01_Verifylogin-----------------------
18:26:56 INFO  TC01_Verifylogin:31 - ----------------------------Started test TC01_Verifylogin-----------------------
18:26:58 INFO  TC01_Verifylogin:24 - Verify login page is displayed
18:26:58 INFO  TC01_Verifylogin:29 - Login page is displayed
18:26:59 INFO  TC01_Verifylogin:37 - Verify user can Login
18:26:59 ERROR TC01_Verifylogin:46 - user is not able to login
18:26:59 INFO  TC01_Verifylogin:58 - ----------------------------Ended[ test TC01_Verifylogin-----------------------
18:26:59 INFO  TC01_Verifylogin:31 - ----------------------------Started test TC01_Verifylogin-----------------------
18:27:00 INFO  TC01_Verifylogin:24 - Verify login page is displayed
18:27:00 INFO  TC01_Verifylogin:29 - Login page is displayed
18:27:01 INFO  TC01_Verifylogin:37 - Verify user can Login
18:27:01 INFO  TC01_Verifylogin:40 - User is logged in
18:27:01 INFO  TC01_Verifylogin:58 - ----------------------------Ended[ test TC01_Verifylogin-----------------------
18:27:01 INFO  TC01_Verifylogin:31 - ----------------------------Started test TC01_Verifylogin-----------------------
18:27:03 INFO  TC01_Verifylogin:24 - Verify login page is displayed
18:27:03 INFO  TC01_Verifylogin:29 - Login page is displayed
18:27:09 INFO  TC01_Verifylogin:37 - Verify user can Login
18:27:09 INFO  TC01_Verifylogin:40 - User is logged in
18:27:09 INFO  TC01_Verifylogin:58 - ----------------------------Ended[ test TC01_Verifylogin-----------------------
18:30:43 INFO  TC01_Verifylogin:31 - ----------------------------Started test TC01_Verifylogin-----------------------
18:30:45 INFO  TC01_Verifylogin:24 - Verify login page is displayed
18:30:45 INFO  TC01_Verifylogin:29 - Login page is displayed
18:30:46 INFO  TC01_Verifylogin:37 - Verify user can Login
18:30:46 INFO  TC01_Verifylogin:40 - User is logged in
18:30:46 INFO  TC01_Verifylogin:59 - ----------------------------Ended[ test TC01_Verifylogin-----------------------
18:30:46 INFO  TC01_Verifylogin:31 - ----------------------------Started test TC01_Verifylogin-----------------------
18:30:48 INFO  TC01_Verifylogin:24 - Verify login page is displayed
18:30:48 INFO  TC01_Verifylogin:29 - Login page is displayed
18:30:49 INFO  TC01_Verifylogin:37 - Verify user can Login
18:30:49 ERROR TC01_Verifylogin:46 - user is not able to login
18:30:49 INFO  TC01_Verifylogin:59 - ----------------------------Ended[ test TC01_Verifylogin-----------------------
18:30:49 INFO  TC01_Verifylogin:31 - ----------------------------Started test TC01_Verifylogin-----------------------
18:30:50 INFO  TC01_Verifylogin:24 - Verify login page is displayed
18:30:51 INFO  TC01_Verifylogin:29 - Login page is displayed
18:30:51 INFO  TC01_Verifylogin:37 - Verify user can Login
18:30:51 ERROR TC01_Verifylogin:46 - user is not able to login
18:30:51 INFO  TC01_Verifylogin:59 - ----------------------------Ended[ test TC01_Verifylogin-----------------------
18:30:51 INFO  TC01_Verifylogin:31 - ----------------------------Started test TC01_Verifylogin-----------------------
18:30:53 INFO  TC01_Verifylogin:24 - Verify login page is displayed
18:30:53 INFO  TC01_Verifylogin:29 - Login page is displayed
18:30:54 INFO  TC01_Verifylogin:37 - Verify user can Login
18:30:54 INFO  TC01_Verifylogin:40 - User is logged in
18:30:54 INFO  TC01_Verifylogin:59 - ----------------------------Ended[ test TC01_Verifylogin-----------------------
18:30:54 INFO  TC01_Verifylogin:31 - ----------------------------Started test TC01_Verifylogin-----------------------
18:30:56 INFO  TC01_Verifylogin:24 - Verify login page is displayed
18:30:56 INFO  TC01_Verifylogin:29 - Login page is displayed
18:31:02 INFO  TC01_Verifylogin:37 - Verify user can Login
18:31:02 INFO  TC01_Verifylogin:40 - User is logged in
18:31:02 INFO  TC01_Verifylogin:59 - ----------------------------Ended[ test TC01_Verifylogin-----------------------
